/*C34*/SET SCHEMA PUBLIC
DISCONNECT
/*C35*/SET SCHEMA PUBLIC
DROP TABLE room
DISCONNECT
/*C36*/SET SCHEMA PUBLIC
DISCONNECT
/*C37*/SET SCHEMA PUBLIC
DROP TABLE record
DISCONNECT
/*C38*/SET SCHEMA PUBLIC
CREATE TABLE room (Room_Id Varchar(100) NOT NULL,Number_of_Beds int NOT NULL,Feature_Summary VARCHAR(200) NOT NULL,Room_Type VARCHAR(20) NOT NULL,Room_Status Varchar(20) NOT NULL,last_Maintenance_Date Varchar(30),Image_name Varchar(30),PRIMARY KEY (Room_Id))
DISCONNECT
/*C39*/SET SCHEMA PUBLIC
CREATE TABLE record (record_id VARCHAR(100) NOT NULL ,cust_id VARCHAR(50) NOT NULL ,room_id VARCHAR(50) NOT NULL ,rent_date VARCHAR(20) NOT NULL ,estimated_return_date VARCHAR(20) NOT NULL ,actual_return_date VARCHAR(20),rental_fee VARCHAR(50),late_fee VARCHAR(50),PRIMARY KEY (record_id))
DISCONNECT
/*C40*/SET SCHEMA PUBLIC
INSERT INTO ROOM VALUES('R_001',4,'Heater, Internet access, Television','Standard','Available','','R_001.jpg')
COMMIT
DISCONNECT
/*C41*/SET SCHEMA PUBLIC
INSERT INTO RECORD VALUES('R_001_Akshay_22102019','Akshay','R_001','22/10/2019','26/10/2019','28/10/2019','796.0','537.3000000000001')
COMMIT
DISCONNECT
/*C42*/SET SCHEMA PUBLIC
INSERT INTO RECORD VALUES('R_001_Vishal_18102019','Vishal','R_001','18/10/2019','21/10/2019','21/10/2019','597.0','0.0')
COMMIT
DISCONNECT
/*C43*/SET SCHEMA PUBLIC
INSERT INTO ROOM VALUES('R_002',2,'Heater, Television','Standard','Available','','R_002.jpg')
COMMIT
DISCONNECT
/*C44*/SET SCHEMA PUBLIC
INSERT INTO ROOM VALUES('R_003',1,'Television','Standard','Available','','R_003.jpg')
COMMIT
DISCONNECT
/*C45*/SET SCHEMA PUBLIC
INSERT INTO ROOM VALUES('S_001',6,'Balcony, Heater, Internet access, Television','Suite','Available','20/10/2019','S_001.jpg')
COMMIT
DISCONNECT
/*C46*/SET SCHEMA PUBLIC
INSERT INTO RECORD VALUES('S_001_Ben_26102019','Ben','S_001','26/10/2019','28/10/2019','29/10/2019','1998.0','1099.0')
COMMIT
DISCONNECT
/*C47*/SET SCHEMA PUBLIC
INSERT INTO RECORD VALUES('S_001_Sam_21102019','Sam','S_001','21/10/2019','25/10/2019','25/10/2019','3996.0','0.0')
COMMIT
DISCONNECT
/*C48*/SET SCHEMA PUBLIC
INSERT INTO ROOM VALUES('S_002',6,'Balcony, Heater, Internet access, Television','Suite','Available','21/10/2019','S_002.jpg')
COMMIT
DISCONNECT
/*C49*/SET SCHEMA PUBLIC
INSERT INTO ROOM VALUES('S_003',6,'Balcony, Heater, Internet access, Television','Suite','Available','22/10/2019','S_003.jpg')
COMMIT
DISCONNECT
/*C50*/SET SCHEMA PUBLIC
DISCONNECT
/*C51*/SET SCHEMA PUBLIC
DROP TABLE room
DISCONNECT
/*C52*/SET SCHEMA PUBLIC
DISCONNECT
/*C53*/SET SCHEMA PUBLIC
DROP TABLE record
DISCONNECT
/*C54*/SET SCHEMA PUBLIC
CREATE TABLE room (Room_Id Varchar(100) NOT NULL,Number_of_Beds int NOT NULL,Feature_Summary VARCHAR(200) NOT NULL,Room_Type VARCHAR(20) NOT NULL,Room_Status Varchar(20) NOT NULL,last_Maintenance_Date Varchar(30),Image_name Varchar(30),PRIMARY KEY (Room_Id))
DISCONNECT
/*C55*/SET SCHEMA PUBLIC
CREATE TABLE record (record_id VARCHAR(100) NOT NULL ,cust_id VARCHAR(50) NOT NULL ,room_id VARCHAR(50) NOT NULL ,rent_date VARCHAR(20) NOT NULL ,estimated_return_date VARCHAR(20) NOT NULL ,actual_return_date VARCHAR(20),rental_fee VARCHAR(50),late_fee VARCHAR(50),PRIMARY KEY (record_id))
DISCONNECT
/*C56*/SET SCHEMA PUBLIC
INSERT INTO ROOM VALUES('R_001',4,'Heater, Internet access, Television','Standard','Available','','R_001.jpg')
COMMIT
DISCONNECT
/*C57*/SET SCHEMA PUBLIC
INSERT INTO RECORD VALUES('R_001_Vishal_18102019','Vishal','R_001','18/10/2019','21/10/2019','21/10/2019','597.0','0.0')
COMMIT
DISCONNECT
/*C58*/SET SCHEMA PUBLIC
INSERT INTO RECORD VALUES('R_001_Akshay_22102019','Akshay','R_001','22/10/2019','26/10/2019','28/10/2019','796.0','537.3000000000001')
COMMIT
DISCONNECT
/*C59*/SET SCHEMA PUBLIC
INSERT INTO ROOM VALUES('R_002',2,'Heater, Television','Standard','Available','','R_002.jpg')
COMMIT
DISCONNECT
/*C60*/SET SCHEMA PUBLIC
INSERT INTO ROOM VALUES('R_003',1,'Television','Standard','Available','','R_003.jpg')
COMMIT
DISCONNECT
/*C61*/SET SCHEMA PUBLIC
INSERT INTO ROOM VALUES('S_001',6,'Balcony, Heater, Internet access, Television','Suite','Available','null','S_001.jpg')
COMMIT
DISCONNECT
/*C62*/SET SCHEMA PUBLIC
INSERT INTO RECORD VALUES('S_001_Sam_21102019','Sam','S_001','21/10/2019','25/10/2019','25/10/2019','3996.0','0.0')
COMMIT
DISCONNECT
/*C63*/SET SCHEMA PUBLIC
INSERT INTO RECORD VALUES('S_001_Ben_26102019','Ben','S_001','26/10/2019','28/10/2019','29/10/2019','1998.0','1099.0')
COMMIT
DISCONNECT
/*C64*/SET SCHEMA PUBLIC
INSERT INTO ROOM VALUES('S_002',6,'Balcony, Heater, Internet access, Television','Suite','Available','null','S_002.jpg')
COMMIT
DISCONNECT
/*C65*/SET SCHEMA PUBLIC
INSERT INTO ROOM VALUES('S_003',6,'Balcony, Heater, Internet access, Television','Suite','Available','null','S_003.jpg')
COMMIT
DISCONNECT
/*C66*/SET SCHEMA PUBLIC
INSERT INTO ROOM VALUES('R_00123e3',4,'ef','Standard','Available','','default.jpg')
COMMIT
DISCONNECT
/*C67*/SET SCHEMA PUBLIC
DISCONNECT
/*C68*/SET SCHEMA PUBLIC
DROP TABLE room
DISCONNECT
/*C69*/SET SCHEMA PUBLIC
DISCONNECT
/*C70*/SET SCHEMA PUBLIC
DROP TABLE record
DISCONNECT
/*C71*/SET SCHEMA PUBLIC
CREATE TABLE room (Room_Id Varchar(100) NOT NULL,Number_of_Beds int NOT NULL,Feature_Summary VARCHAR(200) NOT NULL,Room_Type VARCHAR(20) NOT NULL,Room_Status Varchar(20) NOT NULL,last_Maintenance_Date Varchar(30),Image_name Varchar(30),PRIMARY KEY (Room_Id))
DISCONNECT
/*C72*/SET SCHEMA PUBLIC
CREATE TABLE record (record_id VARCHAR(100) NOT NULL ,cust_id VARCHAR(50) NOT NULL ,room_id VARCHAR(50) NOT NULL ,rent_date VARCHAR(20) NOT NULL ,estimated_return_date VARCHAR(20) NOT NULL ,actual_return_date VARCHAR(20),rental_fee VARCHAR(50),late_fee VARCHAR(50),PRIMARY KEY (record_id))
DISCONNECT
/*C73*/SET SCHEMA PUBLIC
INSERT INTO ROOM VALUES('R_001',4,'Heater, Internet access, Television','Standard','Available','','R_001.jpg')
COMMIT
DISCONNECT
/*C74*/SET SCHEMA PUBLIC
INSERT INTO RECORD VALUES('R_001_Vishal_18102019','Vishal','R_001','18/10/2019','21/10/2019','21/10/2019','597.0','0.0')
COMMIT
DISCONNECT
/*C75*/SET SCHEMA PUBLIC
INSERT INTO RECORD VALUES('R_001_Akshay_22102019','Akshay','R_001','22/10/2019','26/10/2019','28/10/2019','796.0','537.3000000000001')
COMMIT
DISCONNECT
/*C76*/SET SCHEMA PUBLIC
INSERT INTO ROOM VALUES('R_002',2,'Heater, Television','Standard','Available','','R_002.jpg')
COMMIT
DISCONNECT
/*C77*/SET SCHEMA PUBLIC
INSERT INTO ROOM VALUES('R_003',1,'Television','Standard','Available','','R_003.jpg')
COMMIT
DISCONNECT
/*C78*/SET SCHEMA PUBLIC
INSERT INTO ROOM VALUES('S_001',6,'Balcony, Heater, Internet access, Television','Suite','Available','null','S_001.jpg')
COMMIT
DISCONNECT
/*C79*/SET SCHEMA PUBLIC
INSERT INTO RECORD VALUES('S_001_Sam_21102019','Sam','S_001','21/10/2019','25/10/2019','25/10/2019','3996.0','0.0')
COMMIT
DISCONNECT
/*C80*/SET SCHEMA PUBLIC
INSERT INTO RECORD VALUES('S_001_Ben_26102019','Ben','S_001','26/10/2019','28/10/2019','29/10/2019','1998.0','1099.0')
COMMIT
DISCONNECT
/*C81*/SET SCHEMA PUBLIC
INSERT INTO ROOM VALUES('S_002',6,'Balcony, Heater, Internet access, Television','Suite','Available','null','S_002.jpg')
COMMIT
DISCONNECT
/*C82*/SET SCHEMA PUBLIC
INSERT INTO ROOM VALUES('S_003',6,'Balcony, Heater, Internet access, Television','Suite','Available','null','S_003.jpg')
COMMIT
DISCONNECT
/*C83*/SET SCHEMA PUBLIC
INSERT INTO ROOM VALUES('R_00123e3',4,'ef','Standard','Available','','default.jpg')
COMMIT
DISCONNECT
